/*C5*/SET SCHEMA PUBLIC
CREATE TABLE junit_numberseries ( serieskey VARCHAR(255)  NOT NULL ,seriestype int default 0  ,currentValue bigint  ,template VARCHAR(255)   , CONSTRAINT PK_59c62c78f50 PRIMARY KEY  ( serieskey ) )
/*C15*/SET SCHEMA PUBLIC
DISCONNECT
/*C2*/SET SCHEMA PUBLIC
DELETE FROM TASKS_AUX_WORKERS WHERE ID=0 AND RANGES='0, 1000' AND HEALTH_CHECK='2024-08-21 10:37:10.981124' AND EXCLUSIVE_MODE=0 AND NODE_GROUPS='' AND IS_ACTIVE=1
INSERT INTO TASKS_AUX_WORKERS VALUES(0,'0, 1000','2024-08-21 10:38:28.098047',0,'',1)
COMMIT
DELETE FROM TASKS_AUX_SCHEDULER WHERE ID='scheduler' AND LAST_ACTIVITY_TS='2024-08-21 10:37:10.982' AND VERSION=4
INSERT INTO TASKS_AUX_SCHEDULER VALUES('scheduler','2024-08-21 10:38:28.119',4)
COMMIT
DELETE FROM TASKS_AUX_WORKERS WHERE ID=0 AND RANGES='0, 1000' AND HEALTH_CHECK='2024-08-21 10:38:28.098047' AND EXCLUSIVE_MODE=0 AND NODE_GROUPS='' AND IS_ACTIVE=1
INSERT INTO TASKS_AUX_WORKERS VALUES(0,'0, 1000','2024-08-21 10:38:28.098047',0,'',1)
COMMIT
DELETE FROM TASKS_AUX_WORKERS WHERE ID=0 AND RANGES='0, 1000' AND HEALTH_CHECK='2024-08-21 10:38:28.098047' AND EXCLUSIVE_MODE=0 AND NODE_GROUPS='' AND IS_ACTIVE=1
INSERT INTO TASKS_AUX_WORKERS VALUES(0,'0, 1000','2024-08-21 10:38:38.494982',0,'',1)
COMMIT
DELETE FROM TASKS_AUX_SCHEDULER WHERE ID='scheduler' AND LAST_ACTIVITY_TS='2024-08-21 10:38:28.119' AND VERSION=4
INSERT INTO TASKS_AUX_SCHEDULER VALUES('scheduler','2024-08-21 10:38:38.497',4)
COMMIT
DELETE FROM TASKS_AUX_WORKERS WHERE ID=0 AND RANGES='0, 1000' AND HEALTH_CHECK='2024-08-21 10:38:38.494982' AND EXCLUSIVE_MODE=0 AND NODE_GROUPS='' AND IS_ACTIVE=1
INSERT INTO TASKS_AUX_WORKERS VALUES(0,'0, 1000','2024-08-21 10:38:38.494982',0,'',1)
COMMIT
DELETE FROM TASKS_AUX_WORKERS WHERE ID=0 AND RANGES='0, 1000' AND HEALTH_CHECK='2024-08-21 10:38:38.494982' AND EXCLUSIVE_MODE=0 AND NODE_GROUPS='' AND IS_ACTIVE=1
INSERT INTO TASKS_AUX_WORKERS VALUES(0,'0, 1000','2024-08-21 10:38:48.512043',0,'',1)
COMMIT
DELETE FROM TASKS_AUX_SCHEDULER WHERE ID='scheduler' AND LAST_ACTIVITY_TS='2024-08-21 10:38:38.497' AND VERSION=4
INSERT INTO TASKS_AUX_SCHEDULER VALUES('scheduler','2024-08-21 10:38:48.513',4)
COMMIT
DELETE FROM TASKS_AUX_WORKERS WHERE ID=0 AND RANGES='0, 1000' AND HEALTH_CHECK='2024-08-21 10:38:48.512043' AND EXCLUSIVE_MODE=0 AND NODE_GROUPS='' AND IS_ACTIVE=1
INSERT INTO TASKS_AUX_WORKERS VALUES(0,'0, 1000','2024-08-21 10:38:48.512043',0,'',1)
COMMIT
DELETE FROM TASKS_AUX_WORKERS WHERE ID=0 AND RANGES='0, 1000' AND HEALTH_CHECK='2024-08-21 10:38:48.512043' AND EXCLUSIVE_MODE=0 AND NODE_GROUPS='' AND IS_ACTIVE=1
INSERT INTO TASKS_AUX_WORKERS VALUES(0,'0, 1000','2024-08-21 10:38:58.523951',0,'',1)
COMMIT
DELETE FROM TASKS_AUX_SCHEDULER WHERE ID='scheduler' AND LAST_ACTIVITY_TS='2024-08-21 10:38:48.513' AND VERSION=4
INSERT INTO TASKS_AUX_SCHEDULER VALUES('scheduler','2024-08-21 10:38:58.525',4)
COMMIT
DELETE FROM TASKS_AUX_WORKERS WHERE ID=0 AND RANGES='0, 1000' AND HEALTH_CHECK='2024-08-21 10:38:58.523951' AND EXCLUSIVE_MODE=0 AND NODE_GROUPS='' AND IS_ACTIVE=1
INSERT INTO TASKS_AUX_WORKERS VALUES(0,'0, 1000','2024-08-21 10:38:58.523951',0,'',1)
COMMIT
DELETE FROM TASKS_AUX_WORKERS WHERE ID=0 AND RANGES='0, 1000' AND HEALTH_CHECK='2024-08-21 10:38:58.523951' AND EXCLUSIVE_MODE=0 AND NODE_GROUPS='' AND IS_ACTIVE=1
INSERT INTO TASKS_AUX_WORKERS VALUES(0,'0, 1000','2024-08-21 10:39:08.550721',0,'',1)
COMMIT
DELETE FROM TASKS_AUX_SCHEDULER WHERE ID='scheduler' AND LAST_ACTIVITY_TS='2024-08-21 10:38:58.525' AND VERSION=4
INSERT INTO TASKS_AUX_SCHEDULER VALUES('scheduler','2024-08-21 10:39:08.552',4)
COMMIT
DELETE FROM TASKS_AUX_WORKERS WHERE ID=0 AND RANGES='0, 1000' AND HEALTH_CHECK='2024-08-21 10:39:08.550721' AND EXCLUSIVE_MODE=0 AND NODE_GROUPS='' AND IS_ACTIVE=1
INSERT INTO TASKS_AUX_WORKERS VALUES(0,'0, 1000','2024-08-21 10:39:08.550721',0,'',1)
COMMIT
DELETE FROM TASKS_AUX_WORKERS WHERE ID=0 AND RANGES='0, 1000' AND HEALTH_CHECK='2024-08-21 10:39:08.550721' AND EXCLUSIVE_MODE=0 AND NODE_GROUPS='' AND IS_ACTIVE=1
INSERT INTO TASKS_AUX_WORKERS VALUES(0,'0, 1000','2024-08-21 10:39:18.564578',0,'',1)
COMMIT
DELETE FROM TASKS_AUX_SCHEDULER WHERE ID='scheduler' AND LAST_ACTIVITY_TS='2024-08-21 10:39:08.552' AND VERSION=4
INSERT INTO TASKS_AUX_SCHEDULER VALUES('scheduler','2024-08-21 10:39:18.566',4)
COMMIT
DELETE FROM TASKS_AUX_WORKERS WHERE ID=0 AND RANGES='0, 1000' AND HEALTH_CHECK='2024-08-21 10:39:18.564578' AND EXCLUSIVE_MODE=0 AND NODE_GROUPS='' AND IS_ACTIVE=1
INSERT INTO TASKS_AUX_WORKERS VALUES(0,'0, 1000','2024-08-21 10:39:18.564578',0,'',1)
COMMIT
DELETE FROM TASKS_AUX_WORKERS WHERE ID=0 AND RANGES='0, 1000' AND HEALTH_CHECK='2024-08-21 10:39:18.564578' AND EXCLUSIVE_MODE=0 AND NODE_GROUPS='' AND IS_ACTIVE=1
INSERT INTO TASKS_AUX_WORKERS VALUES(0,'0, 1000','2024-08-21 10:39:28.580699',0,'',1)
COMMIT
DELETE FROM TASKS_AUX_SCHEDULER WHERE ID='scheduler' AND LAST_ACTIVITY_TS='2024-08-21 10:39:18.566' AND VERSION=4
INSERT INTO TASKS_AUX_SCHEDULER VALUES('scheduler','2024-08-21 10:39:28.582',4)
COMMIT
DELETE FROM TASKS_AUX_WORKERS WHERE ID=0 AND RANGES='0, 1000' AND HEALTH_CHECK='2024-08-21 10:39:28.580699' AND EXCLUSIVE_MODE=0 AND NODE_GROUPS='' AND IS_ACTIVE=1
INSERT INTO TASKS_AUX_WORKERS VALUES(0,'0, 1000','2024-08-21 10:39:28.580699',0,'',1)
COMMIT
DELETE FROM TASKS_AUX_WORKERS WHERE ID=0 AND RANGES='0, 1000' AND HEALTH_CHECK='2024-08-21 10:39:28.580699' AND EXCLUSIVE_MODE=0 AND NODE_GROUPS='' AND IS_ACTIVE=1
INSERT INTO TASKS_AUX_WORKERS VALUES(0,'0, 1000','2024-08-21 10:39:38.595845',0,'',1)
COMMIT
DELETE FROM TASKS_AUX_SCHEDULER WHERE ID='scheduler' AND LAST_ACTIVITY_TS='2024-08-21 10:39:28.582' AND VERSION=4
INSERT INTO TASKS_AUX_SCHEDULER VALUES('scheduler','2024-08-21 10:39:38.597',4)
COMMIT
DELETE FROM TASKS_AUX_WORKERS WHERE ID=0 AND RANGES='0, 1000' AND HEALTH_CHECK='2024-08-21 10:39:38.595845' AND EXCLUSIVE_MODE=0 AND NODE_GROUPS='' AND IS_ACTIVE=1
INSERT INTO TASKS_AUX_WORKERS VALUES(0,'0, 1000','2024-08-21 10:39:38.595845',0,'',1)
COMMIT
DELETE FROM TASKS_AUX_WORKERS WHERE ID=0 AND RANGES='0, 1000' AND HEALTH_CHECK='2024-08-21 10:39:38.595845' AND EXCLUSIVE_MODE=0 AND NODE_GROUPS='' AND IS_ACTIVE=1
INSERT INTO TASKS_AUX_WORKERS VALUES(0,'0, 1000','2024-08-21 10:39:48.616222',0,'',1)
COMMIT
DELETE FROM TASKS_AUX_SCHEDULER WHERE ID='scheduler' AND LAST_ACTIVITY_TS='2024-08-21 10:39:38.597' AND VERSION=4
INSERT INTO TASKS_AUX_SCHEDULER VALUES('scheduler','2024-08-21 10:39:48.618',4)
COMMIT
DELETE FROM TASKS_AUX_WORKERS WHERE ID=0 AND RANGES='0, 1000' AND HEALTH_CHECK='2024-08-21 10:39:48.616222' AND EXCLUSIVE_MODE=0 AND NODE_GROUPS='' AND IS_ACTIVE=1
INSERT INTO TASKS_AUX_WORKERS VALUES(0,'0, 1000','2024-08-21 10:39:48.616222',0,'',1)
COMMIT
DELETE FROM TASKS_AUX_WORKERS WHERE ID=0 AND RANGES='0, 1000' AND HEALTH_CHECK='2024-08-21 10:39:48.616222' AND EXCLUSIVE_MODE=0 AND NODE_GROUPS='' AND IS_ACTIVE=1
INSERT INTO TASKS_AUX_WORKERS VALUES(0,'0, 1000','2024-08-21 10:39:58.631968',0,'',1)
COMMIT
DELETE FROM TASKS_AUX_SCHEDULER WHERE ID='scheduler' AND LAST_ACTIVITY_TS='2024-08-21 10:39:48.618' AND VERSION=4
INSERT INTO TASKS_AUX_SCHEDULER VALUES('scheduler','2024-08-21 10:39:58.633',4)
COMMIT
DELETE FROM TASKS_AUX_WORKERS WHERE ID=0 AND RANGES='0, 1000' AND HEALTH_CHECK='2024-08-21 10:39:58.631968' AND EXCLUSIVE_MODE=0 AND NODE_GROUPS='' AND IS_ACTIVE=1
INSERT INTO TASKS_AUX_WORKERS VALUES(0,'0, 1000','2024-08-21 10:39:58.631968',0,'',1)
COMMIT
DELETE FROM TASKS_AUX_WORKERS WHERE ID=0 AND RANGES='0, 1000' AND HEALTH_CHECK='2024-08-21 10:39:58.631968' AND EXCLUSIVE_MODE=0 AND NODE_GROUPS='' AND IS_ACTIVE=1
INSERT INTO TASKS_AUX_WORKERS VALUES(0,'0, 1000','2024-08-21 10:40:08.647296',0,'',1)
COMMIT
DELETE FROM TASKS_AUX_SCHEDULER WHERE ID='scheduler' AND LAST_ACTIVITY_TS='2024-08-21 10:39:58.633' AND VERSION=4
INSERT INTO TASKS_AUX_SCHEDULER VALUES('scheduler','2024-08-21 10:40:08.649',4)
COMMIT
DELETE FROM TASKS_AUX_WORKERS WHERE ID=0 AND RANGES='0, 1000' AND HEALTH_CHECK='2024-08-21 10:40:08.647296' AND EXCLUSIVE_MODE=0 AND NODE_GROUPS='' AND IS_ACTIVE=1
INSERT INTO TASKS_AUX_WORKERS VALUES(0,'0, 1000','2024-08-21 10:40:08.647296',0,'',1)
COMMIT
DELETE FROM TASKS_AUX_WORKERS WHERE ID=0 AND RANGES='0, 1000' AND HEALTH_CHECK='2024-08-21 10:40:08.647296' AND EXCLUSIVE_MODE=0 AND NODE_GROUPS='' AND IS_ACTIVE=1
INSERT INTO TASKS_AUX_WORKERS VALUES(0,'0, 1000','2024-08-21 10:40:18.663892',0,'',1)
COMMIT
DELETE FROM TASKS_AUX_SCHEDULER WHERE ID='scheduler' AND LAST_ACTIVITY_TS='2024-08-21 10:40:08.649' AND VERSION=4
INSERT INTO TASKS_AUX_SCHEDULER VALUES('scheduler','2024-08-21 10:40:18.665',4)
COMMIT
DELETE FROM TASKS_AUX_WORKERS WHERE ID=0 AND RANGES='0, 1000' AND HEALTH_CHECK='2024-08-21 10:40:18.663892' AND EXCLUSIVE_MODE=0 AND NODE_GROUPS='' AND IS_ACTIVE=1
INSERT INTO TASKS_AUX_WORKERS VALUES(0,'0, 1000','2024-08-21 10:40:18.663892',0,'',1)
COMMIT
INSERT INTO TASKS_AUX_QUEUE VALUES(8796093088694,710,-1,'---','2024-08-21 10:40:18',28737460)
INSERT INTO TASKS_AUX_QUEUE VALUES(8796093121462,467,-1,'---','2024-08-21 10:40:18',28737460)
INSERT INTO TASKS_AUX_QUEUE VALUES(8796093154230,593,-1,'---','2024-08-21 10:40:18',28737460)
COMMIT
DELETE FROM TASKS_AUX_QUEUE WHERE PK=8796093088694
INSERT INTO TASKS_AUX_QUEUE VALUES(8796093088694,710,-1,'---','2024-08-21 10:40:58',28737460)
DELETE FROM TASKS_AUX_QUEUE WHERE PK=8796093121462
INSERT INTO TASKS_AUX_QUEUE VALUES(8796093121462,467,-1,'---','2024-08-21 10:40:58',28737460)
DELETE FROM TASKS_AUX_QUEUE WHERE PK=8796093154230
INSERT INTO TASKS_AUX_QUEUE VALUES(8796093154230,593,-1,'---','2024-08-21 10:40:58',28737460)
COMMIT
/*C4*/SET SCHEMA PUBLIC
DELETE FROM TASKS WHERE PK=8796093121462
INSERT INTO TASKS VALUES(0,'2024-08-21 10:37:10.302000','2024-08-21 10:37:10.302000',8796101640274,NULL,8796093121462,NULL,'triggerTaskRunner',1724247610000,NULL,0,NULL,NULL,NULL,NULL,NULL,0,0,0,0,NULL,NULL,NULL,8796093121014,NULL,NULL)
COMMIT
/*C3*/SET SCHEMA PUBLIC
DELETE FROM TASKS WHERE PK=8796093154230
INSERT INTO TASKS VALUES(0,'2024-08-21 10:37:10.470000','2024-08-21 10:37:10.470000',8796101640274,NULL,8796093154230,NULL,'triggerTaskRunner',1724247610000,NULL,0,NULL,NULL,NULL,NULL,NULL,0,0,0,0,NULL,NULL,NULL,8796093153782,NULL,NULL)
COMMIT
/*C2*/DELETE FROM TASKS WHERE PK=8796093088694
INSERT INTO TASKS VALUES(0,'2024-08-21 10:37:10.151000','2024-08-21 10:37:10.151000',8796101640274,NULL,8796093088694,NULL,'triggerTaskRunner',1724247610000,NULL,0,NULL,NULL,NULL,NULL,NULL,0,0,0,0,NULL,NULL,NULL,8796093088246,NULL,NULL)
COMMIT
/*C4*/DELETE FROM CRONJOBS WHERE PK=8796093415925
INSERT INTO CRONJOBS VALUES(1,'2024-08-21 10:37:10.292000','2024-08-21 10:40:19.043000',8796097413202,NULL,8796093415925,NULL,'cleanOAuthAuthorizationCodeCronJob',8796093120603,1,0,8796093153371,8796093186139,8796093054980,8796093087776,8796093087777,1,1,0,NULL,0,NULL,NULL,8796093218907,8796093251675,NULL,NULL,0,NULL,1,0,0,4,0,8796093068191,NULL,14,5,8796093284443,14,5,8796093284443,1000,NULL,0,0,0,8796093645300,0,0,NULL,NULL,NULL,NULL,NULL,NULL,NULL,NULL,NULL,NULL,NULL,NULL,NULL,NULL,NULL,NULL,NULL,NULL,NULL,NULL,NULL,NULL,NULL,NULL,NULL,NULL,NULL,NULL,NULL,NULL,NULL,NULL,NULL,NULL,NULL,NULL,NULL,NULL,NULL,NULL,NULL,NULL,NULL,NULL,NULL,NULL,NULL,NULL,NULL,NULL,NULL,NULL,NULL,NULL,NULL,NULL,NULL,NULL,NULL,NULL,NULL,NULL,NULL,NULL,NULL,NULL,NULL,NULL,NULL,NULL,NULL,NULL,NULL,NULL,NULL,NULL,NULL,NULL,NULL,NULL)
COMMIT
/*C2*/DELETE FROM CRONJOBS WHERE PK=8796093481461
INSERT INTO CRONJOBS VALUES(1,'2024-08-21 10:37:10.458000','2024-08-21 10:40:19.044000',8796097413202,NULL,8796093481461,NULL,'cleanOAuthRefreshTokenCronJob',8796093120603,1,0,8796093153371,8796093186139,8796093054980,8796093087776,8796093087777,1,1,0,NULL,0,NULL,NULL,8796093218907,8796093251675,NULL,NULL,0,NULL,1,0,0,4,0,8796093068191,NULL,14,5,8796093284443,14,5,8796093284443,1000,NULL,0,0,0,8796093612532,0,0,NULL,NULL,NULL,NULL,NULL,NULL,NULL,NULL,NULL,NULL,NULL,NULL,NULL,NULL,NULL,NULL,NULL,NULL,NULL,NULL,NULL,NULL,NULL,NULL,NULL,NULL,NULL,NULL,NULL,NULL,NULL,NULL,NULL,NULL,NULL,NULL,NULL,NULL,NULL,NULL,NULL,NULL,NULL,NULL,NULL,NULL,NULL,NULL,NULL,NULL,NULL,NULL,NULL,NULL,NULL,NULL,NULL,NULL,NULL,NULL,NULL,NULL,NULL,NULL,NULL,NULL,NULL,NULL,NULL,NULL,NULL,NULL,NULL,NULL,NULL,NULL,NULL,NULL,NULL,NULL)
COMMIT
/*C24*/SET SCHEMA PUBLIC
DELETE FROM CRONJOBS WHERE PK=8796093350389
INSERT INTO CRONJOBS VALUES(1,'2024-08-21 10:37:10.133000','2024-08-21 10:40:19.043000',8796097413202,NULL,8796093350389,NULL,'cleanOAuthAccessTokenCronJob',8796093120603,1,0,8796093153371,8796093186139,8796093054980,8796093087776,8796093087777,1,1,0,NULL,0,NULL,NULL,8796093218907,8796093251675,NULL,NULL,0,NULL,1,0,0,4,0,8796093068191,NULL,14,5,8796093284443,14,5,8796093284443,1000,NULL,0,0,0,8796093579764,0,0,NULL,NULL,NULL,NULL,NULL,NULL,NULL,NULL,NULL,NULL,NULL,NULL,NULL,NULL,NULL,NULL,NULL,NULL,NULL,NULL,NULL,NULL,NULL,NULL,NULL,NULL,NULL,NULL,NULL,NULL,NULL,NULL,NULL,NULL,NULL,NULL,NULL,NULL,NULL,NULL,NULL,NULL,NULL,NULL,NULL,NULL,NULL,NULL,NULL,NULL,NULL,NULL,NULL,NULL,NULL,NULL,NULL,NULL,NULL,NULL,NULL,NULL,NULL,NULL,NULL,NULL,NULL,NULL,NULL,NULL,NULL,NULL,NULL,NULL,NULL,NULL,NULL,NULL,NULL,NULL)
COMMIT
/*C4*/DELETE FROM CRONJOBS WHERE PK=8796093481461
INSERT INTO CRONJOBS VALUES(2,'2024-08-21 10:37:10.458000','2024-08-21 10:40:19.233000',8796097413202,NULL,8796093481461,NULL,'cleanOAuthRefreshTokenCronJob',8796093120603,1,0,8796093153371,8796093186139,8796093054980,8796093087776,8796093087777,1,1,0,NULL,0,'2024-08-21 10:40:19.232000',NULL,8796093218907,8796093251675,NULL,NULL,0,NULL,1,0,0,4,0,8796093068191,NULL,14,5,8796093284443,14,5,8796093284443,1000,NULL,0,0,0,8796093612532,0,0,NULL,NULL,NULL,NULL,NULL,NULL,NULL,NULL,NULL,NULL,NULL,NULL,NULL,NULL,NULL,NULL,NULL,NULL,NULL,NULL,NULL,NULL,NULL,NULL,NULL,NULL,NULL,NULL,NULL,NULL,NULL,NULL,NULL,NULL,NULL,NULL,NULL,NULL,NULL,NULL,NULL,NULL,NULL,NULL,NULL,NULL,NULL,NULL,NULL,NULL,NULL,NULL,NULL,NULL,NULL,NULL,NULL,NULL,NULL,NULL,NULL,NULL,NULL,NULL,NULL,NULL,NULL,NULL,NULL,NULL,NULL,NULL,NULL,NULL,NULL,NULL,NULL,NULL,NULL,NULL)
COMMIT
/*C2*/DELETE FROM CRONJOBS WHERE PK=8796093415925
INSERT INTO CRONJOBS VALUES(2,'2024-08-21 10:37:10.292000','2024-08-21 10:40:19.233000',8796097413202,NULL,8796093415925,NULL,'cleanOAuthAuthorizationCodeCronJob',8796093120603,1,0,8796093153371,8796093186139,8796093054980,8796093087776,8796093087777,1,1,0,NULL,0,'2024-08-21 10:40:19.233000',NULL,8796093218907,8796093251675,NULL,NULL,0,NULL,1,0,0,4,0,8796093068191,NULL,14,5,8796093284443,14,5,8796093284443,1000,NULL,0,0,0,8796093645300,0,0,NULL,NULL,NULL,NULL,NULL,NULL,NULL,NULL,NULL,NULL,NULL,NULL,NULL,NULL,NULL,NULL,NULL,NULL,NULL,NULL,NULL,NULL,NULL,NULL,NULL,NULL,NULL,NULL,NULL,NULL,NULL,NULL,NULL,NULL,NULL,NULL,NULL,NULL,NULL,NULL,NULL,NULL,NULL,NULL,NULL,NULL,NULL,NULL,NULL,NULL,NULL,NULL,NULL,NULL,NULL,NULL,NULL,NULL,NULL,NULL,NULL,NULL,NULL,NULL,NULL,NULL,NULL,NULL,NULL,NULL,NULL,NULL,NULL,NULL,NULL,NULL,NULL,NULL,NULL,NULL)
COMMIT
/*C24*/DELETE FROM CRONJOBS WHERE PK=8796093350389
INSERT INTO CRONJOBS VALUES(2,'2024-08-21 10:37:10.133000','2024-08-21 10:40:19.233000',8796097413202,NULL,8796093350389,NULL,'cleanOAuthAccessTokenCronJob',8796093120603,1,0,8796093153371,8796093186139,8796093054980,8796093087776,8796093087777,1,1,0,NULL,0,'2024-08-21 10:40:19.233000',NULL,8796093218907,8796093251675,NULL,NULL,0,NULL,1,0,0,4,0,8796093068191,NULL,14,5,8796093284443,14,5,8796093284443,1000,NULL,0,0,0,8796093579764,0,0,NULL,NULL,NULL,NULL,NULL,NULL,NULL,NULL,NULL,NULL,NULL,NULL,NULL,NULL,NULL,NULL,NULL,NULL,NULL,NULL,NULL,NULL,NULL,NULL,NULL,NULL,NULL,NULL,NULL,NULL,NULL,NULL,NULL,NULL,NULL,NULL,NULL,NULL,NULL,NULL,NULL,NULL,NULL,NULL,NULL,NULL,NULL,NULL,NULL,NULL,NULL,NULL,NULL,NULL,NULL,NULL,NULL,NULL,NULL,NULL,NULL,NULL,NULL,NULL,NULL,NULL,NULL,NULL,NULL,NULL,NULL,NULL,NULL,NULL,NULL,NULL,NULL,NULL,NULL,NULL)
COMMIT
/*C2*/DELETE FROM CRONJOBS WHERE PK=8796093415925
INSERT INTO CRONJOBS VALUES(3,'2024-08-21 10:37:10.292000','2024-08-21 10:40:19.245000',8796097413202,NULL,8796093415925,NULL,'cleanOAuthAuthorizationCodeCronJob',8796093120603,1,0,8796093153371,8796093186139,8796093054980,8796093087776,8796093087777,1,1,0,NULL,0,'2024-08-21 10:40:19.233000',NULL,8796095414363,8796093251675,NULL,NULL,0,NULL,1,0,0,4,0,8796093068191,NULL,14,5,8796093284443,14,5,8796093284443,1000,NULL,0,0,0,8796093645300,0,0,NULL,NULL,NULL,NULL,NULL,NULL,NULL,NULL,NULL,NULL,NULL,NULL,NULL,NULL,NULL,NULL,NULL,NULL,NULL,NULL,NULL,NULL,NULL,NULL,NULL,NULL,NULL,NULL,NULL,NULL,NULL,NULL,NULL,NULL,NULL,NULL,NULL,NULL,NULL,NULL,NULL,NULL,NULL,NULL,NULL,NULL,NULL,NULL,NULL,NULL,NULL,NULL,NULL,NULL,NULL,NULL,NULL,NULL,NULL,NULL,NULL,NULL,NULL,NULL,NULL,NULL,NULL,NULL,NULL,NULL,NULL,NULL,NULL,NULL,NULL,NULL,NULL,NULL,NULL,NULL)
COMMIT
/*C24*/DELETE FROM CRONJOBS WHERE PK=8796093481461
INSERT INTO CRONJOBS VALUES(3,'2024-08-21 10:37:10.458000','2024-08-21 10:40:19.245000',8796097413202,NULL,8796093481461,NULL,'cleanOAuthRefreshTokenCronJob',8796093120603,1,0,8796093153371,8796093186139,8796093054980,8796093087776,8796093087777,1,1,0,NULL,0,'2024-08-21 10:40:19.232000',NULL,8796095414363,8796093251675,NULL,NULL,0,NULL,1,0,0,4,0,8796093068191,NULL,14,5,8796093284443,14,5,8796093284443,1000,NULL,0,0,0,8796093612532,0,0,NULL,NULL,NULL,NULL,NULL,NULL,NULL,NULL,NULL,NULL,NULL,NULL,NULL,NULL,NULL,NULL,NULL,NULL,NULL,NULL,NULL,NULL,NULL,NULL,NULL,NULL,NULL,NULL,NULL,NULL,NULL,NULL,NULL,NULL,NULL,NULL,NULL,NULL,NULL,NULL,NULL,NULL,NULL,NULL,NULL,NULL,NULL,NULL,NULL,NULL,NULL,NULL,NULL,NULL,NULL,NULL,NULL,NULL,NULL,NULL,NULL,NULL,NULL,NULL,NULL,NULL,NULL,NULL,NULL,NULL,NULL,NULL,NULL,NULL,NULL,NULL,NULL,NULL,NULL,NULL)
COMMIT
/*C4*/DELETE FROM CRONJOBS WHERE PK=8796093350389
INSERT INTO CRONJOBS VALUES(3,'2024-08-21 10:37:10.133000','2024-08-21 10:40:19.245000',8796097413202,NULL,8796093350389,NULL,'cleanOAuthAccessTokenCronJob',8796093120603,1,0,8796093153371,8796093186139,8796093054980,8796093087776,8796093087777,1,1,0,NULL,0,'2024-08-21 10:40:19.233000',NULL,8796095414363,8796093251675,NULL,NULL,0,NULL,1,0,0,4,0,8796093068191,NULL,14,5,8796093284443,14,5,8796093284443,1000,NULL,0,0,0,8796093579764,0,0,NULL,NULL,NULL,NULL,NULL,NULL,NULL,NULL,NULL,NULL,NULL,NULL,NULL,NULL,NULL,NULL,NULL,NULL,NULL,NULL,NULL,NULL,NULL,NULL,NULL,NULL,NULL,NULL,NULL,NULL,NULL,NULL,NULL,NULL,NULL,NULL,NULL,NULL,NULL,NULL,NULL,NULL,NULL,NULL,NULL,NULL,NULL,NULL,NULL,NULL,NULL,NULL,NULL,NULL,NULL,NULL,NULL,NULL,NULL,NULL,NULL,NULL,NULL,NULL,NULL,NULL,NULL,NULL,NULL,NULL,NULL,NULL,NULL,NULL,NULL,NULL,NULL,NULL,NULL,NULL)
COMMIT
/*C24*/DELETE FROM CRONJOBS WHERE PK=8796093481461
INSERT INTO CRONJOBS VALUES(4,'2024-08-21 10:37:10.458000','2024-08-21 10:40:19.259000',8796097413202,NULL,8796093481461,NULL,'cleanOAuthRefreshTokenCronJob',8796093120603,1,0,8796093153371,8796093186139,8796093054980,8796093087776,8796093087777,1,1,0,NULL,0,'2024-08-21 10:40:19.232000',NULL,8796095414363,8796093251675,NULL,NULL,0,NULL,1,NULL,0,4,0,8796093068191,NULL,14,5,8796093284443,14,5,8796093284443,1000,NULL,0,0,0,8796093612532,0,0,NULL,NULL,NULL,NULL,NULL,NULL,NULL,NULL,NULL,NULL,NULL,NULL,NULL,NULL,NULL,NULL,NULL,NULL,NULL,NULL,NULL,NULL,NULL,NULL,NULL,NULL,NULL,NULL,NULL,NULL,NULL,NULL,NULL,NULL,NULL,NULL,NULL,NULL,NULL,NULL,NULL,NULL,NULL,NULL,NULL,NULL,NULL,NULL,NULL,NULL,NULL,NULL,NULL,NULL,NULL,NULL,NULL,NULL,NULL,NULL,NULL,NULL,NULL,NULL,NULL,NULL,NULL,NULL,NULL,NULL,NULL,NULL,NULL,NULL,NULL,NULL,NULL,NULL,NULL,NULL)
COMMIT
/*C4*/DELETE FROM CRONJOBS WHERE PK=8796093350389
INSERT INTO CRONJOBS VALUES(4,'2024-08-21 10:37:10.133000','2024-08-21 10:40:19.258000',8796097413202,NULL,8796093350389,NULL,'cleanOAuthAccessTokenCronJob',8796093120603,1,0,8796093153371,8796093186139,8796093054980,8796093087776,8796093087777,1,1,0,NULL,0,'2024-08-21 10:40:19.233000',NULL,8796095414363,8796093251675,NULL,NULL,0,NULL,1,NULL,0,4,0,8796093068191,NULL,14,5,8796093284443,14,5,8796093284443,1000,NULL,0,0,0,8796093579764,0,0,NULL,NULL,NULL,NULL,NULL,NULL,NULL,NULL,NULL,NULL,NULL,NULL,NULL,NULL,NULL,NULL,NULL,NULL,NULL,NULL,NULL,NULL,NULL,NULL,NULL,NULL,NULL,NULL,NULL,NULL,NULL,NULL,NULL,NULL,NULL,NULL,NULL,NULL,NULL,NULL,NULL,NULL,NULL,NULL,NULL,NULL,NULL,NULL,NULL,NULL,NULL,NULL,NULL,NULL,NULL,NULL,NULL,NULL,NULL,NULL,NULL,NULL,NULL,NULL,NULL,NULL,NULL,NULL,NULL,NULL,NULL,NULL,NULL,NULL,NULL,NULL,NULL,NULL,NULL,NULL)
COMMIT
/*C2*/DELETE FROM CRONJOBS WHERE PK=8796093415925
INSERT INTO CRONJOBS VALUES(4,'2024-08-21 10:37:10.292000','2024-08-21 10:40:19.263000',8796097413202,NULL,8796093415925,NULL,'cleanOAuthAuthorizationCodeCronJob',8796093120603,1,0,8796093153371,8796093186139,8796093054980,8796093087776,8796093087777,1,1,0,NULL,0,'2024-08-21 10:40:19.233000',NULL,8796095414363,8796093251675,NULL,NULL,0,NULL,1,NULL,0,4,0,8796093068191,NULL,14,5,8796093284443,14,5,8796093284443,1000,NULL,0,0,0,8796093645300,0,0,NULL,NULL,NULL,NULL,NULL,NULL,NULL,NULL,NULL,NULL,NULL,NULL,NULL,NULL,NULL,NULL,NULL,NULL,NULL,NULL,NULL,NULL,NULL,NULL,NULL,NULL,NULL,NULL,NULL,NULL,NULL,NULL,NULL,NULL,NULL,NULL,NULL,NULL,NULL,NULL,NULL,NULL,NULL,NULL,NULL,NULL,NULL,NULL,NULL,NULL,NULL,NULL,NULL,NULL,NULL,NULL,NULL,NULL,NULL,NULL,NULL,NULL,NULL,NULL,NULL,NULL,NULL,NULL,NULL,NULL,NULL,NULL,NULL,NULL,NULL,NULL,NULL,NULL,NULL,NULL)
COMMIT
/*C4*/DELETE FROM CRONJOBS WHERE PK=8796093350389
INSERT INTO CRONJOBS VALUES(5,'2024-08-21 10:37:10.133000','2024-08-21 10:40:19.270000',8796097413202,NULL,8796093350389,NULL,'cleanOAuthAccessTokenCronJob',8796093120603,1,0,8796093153371,8796093186139,8796093054980,8796093087776,8796093087777,1,1,0,NULL,0,'2024-08-21 10:40:19.233000',NULL,8796095414363,8796093251675,NULL,NULL,0,NULL,1,NULL,NULL,4,0,8796093068191,NULL,14,5,8796093284443,14,5,8796093284443,1000,NULL,0,0,0,8796093579764,0,0,NULL,NULL,NULL,NULL,NULL,NULL,NULL,NULL,NULL,NULL,NULL,NULL,NULL,NULL,NULL,NULL,NULL,NULL,NULL,NULL,NULL,NULL,NULL,NULL,NULL,NULL,NULL,NULL,NULL,NULL,NULL,NULL,NULL,NULL,NULL,NULL,NULL,NULL,NULL,NULL,NULL,NULL,NULL,NULL,NULL,NULL,NULL,NULL,NULL,NULL,NULL,NULL,NULL,NULL,NULL,NULL,NULL,NULL,NULL,NULL,NULL,NULL,NULL,NULL,NULL,NULL,NULL,NULL,NULL,NULL,NULL,NULL,NULL,NULL,NULL,NULL,NULL,NULL,NULL,NULL)
COMMIT
/*C2*/DELETE FROM CRONJOBS WHERE PK=8796093415925
INSERT INTO CRONJOBS VALUES(5,'2024-08-21 10:37:10.292000','2024-08-21 10:40:19.272000',8796097413202,NULL,8796093415925,NULL,'cleanOAuthAuthorizationCodeCronJob',8796093120603,1,0,8796093153371,8796093186139,8796093054980,8796093087776,8796093087777,1,1,0,NULL,0,'2024-08-21 10:40:19.233000',NULL,8796095414363,8796093251675,NULL,NULL,0,NULL,1,NULL,NULL,4,0,8796093068191,NULL,14,5,8796093284443,14,5,8796093284443,1000,NULL,0,0,0,8796093645300,0,0,NULL,NULL,NULL,NULL,NULL,NULL,NULL,NULL,NULL,NULL,NULL,NULL,NULL,NULL,NULL,NULL,NULL,NULL,NULL,NULL,NULL,NULL,NULL,NULL,NULL,NULL,NULL,NULL,NULL,NULL,NULL,NULL,NULL,NULL,NULL,NULL,NULL,NULL,NULL,NULL,NULL,NULL,NULL,NULL,NULL,NULL,NULL,NULL,NULL,NULL,NULL,NULL,NULL,NULL,NULL,NULL,NULL,NULL,NULL,NULL,NULL,NULL,NULL,NULL,NULL,NULL,NULL,NULL,NULL,NULL,NULL,NULL,NULL,NULL,NULL,NULL,NULL,NULL,NULL,NULL)
COMMIT
/*C4*/DELETE FROM CRONJOBS WHERE PK=8796093481461
INSERT INTO CRONJOBS VALUES(5,'2024-08-21 10:37:10.458000','2024-08-21 10:40:19.272000',8796097413202,NULL,8796093481461,NULL,'cleanOAuthRefreshTokenCronJob',8796093120603,1,0,8796093153371,8796093186139,8796093054980,8796093087776,8796093087777,1,1,0,NULL,0,'2024-08-21 10:40:19.232000',NULL,8796095414363,8796093251675,NULL,NULL,0,NULL,1,NULL,NULL,4,0,8796093068191,NULL,14,5,8796093284443,14,5,8796093284443,1000,NULL,0,0,0,8796093612532,0,0,NULL,NULL,NULL,NULL,NULL,NULL,NULL,NULL,NULL,NULL,NULL,NULL,NULL,NULL,NULL,NULL,NULL,NULL,NULL,NULL,NULL,NULL,NULL,NULL,NULL,NULL,NULL,NULL,NULL,NULL,NULL,NULL,NULL,NULL,NULL,NULL,NULL,NULL,NULL,NULL,NULL,NULL,NULL,NULL,NULL,NULL,NULL,NULL,NULL,NULL,NULL,NULL,NULL,NULL,NULL,NULL,NULL,NULL,NULL,NULL,NULL,NULL,NULL,NULL,NULL,NULL,NULL,NULL,NULL,NULL,NULL,NULL,NULL,NULL,NULL,NULL,NULL,NULL,NULL,NULL)
COMMIT
/*C27*/SET SCHEMA PUBLIC
DELETE FROM NUMBERSERIES WHERE SERIESKEY='pk_522'
INSERT INTO NUMBERSERIES VALUES(NULL,'pk_522',1,2001,NULL)
COMMIT
/*C2*/DELETE FROM CRONJOBS WHERE PK=8796093350389
INSERT INTO CRONJOBS VALUES(6,'2024-08-21 10:37:10.133000','2024-08-21 10:40:19.347000',8796097413202,NULL,8796093350389,NULL,'cleanOAuthAccessTokenCronJob',8796093120603,1,0,8796093153371,8796093186139,8796093054980,8796093087776,8796093087777,1,1,0,NULL,0,'2024-08-21 10:40:19.233000',NULL,8796095414363,8796093251675,NULL,NULL,0,NULL,1,NULL,NULL,4,0,8796093068191,NULL,14,5,8796093284443,14,5,8796093284443,1000,8796125889034,0,0,0,8796093579764,0,0,NULL,NULL,NULL,NULL,NULL,NULL,NULL,NULL,NULL,NULL,NULL,NULL,NULL,NULL,NULL,NULL,NULL,NULL,NULL,NULL,NULL,NULL,NULL,NULL,NULL,NULL,NULL,NULL,NULL,NULL,NULL,NULL,NULL,NULL,NULL,NULL,NULL,NULL,NULL,NULL,NULL,NULL,NULL,NULL,NULL,NULL,NULL,NULL,NULL,NULL,NULL,NULL,NULL,NULL,NULL,NULL,NULL,NULL,NULL,NULL,NULL,NULL,NULL,NULL,NULL,NULL,NULL,NULL,NULL,NULL,NULL,NULL,NULL,NULL,NULL,NULL,NULL,NULL,NULL,NULL)
INSERT INTO CRONJOBHISTORIES VALUES(1,'2024-08-21 10:40:19.332000','2024-08-21 10:40:19.349000',8796100034642,NULL,8796125889034,NULL,'cleanOAuthAccessTokenCronJob','cleanupOAuthAccessTokenPerformable','2024-08-21 10:40:19.289000',NULL,0,0,'admin',8796095414363,8796093251675,NULL,NULL,NULL,8796093350389,0,0)
COMMIT
/*C24*/DELETE FROM CRONJOBS WHERE PK=8796093415925
INSERT INTO CRONJOBS VALUES(6,'2024-08-21 10:37:10.292000','2024-08-21 10:40:19.348000',8796097413202,NULL,8796093415925,NULL,'cleanOAuthAuthorizationCodeCronJob',8796093120603,1,0,8796093153371,8796093186139,8796093054980,8796093087776,8796093087777,1,1,0,NULL,0,'2024-08-21 10:40:19.233000',NULL,8796095414363,8796093251675,NULL,NULL,0,NULL,1,NULL,NULL,4,0,8796093068191,NULL,14,5,8796093284443,14,5,8796093284443,1000,8796125856266,0,0,0,8796093645300,0,0,NULL,NULL,NULL,NULL,NULL,NULL,NULL,NULL,NULL,NULL,NULL,NULL,NULL,NULL,NULL,NULL,NULL,NULL,NULL,NULL,NULL,NULL,NULL,NULL,NULL,NULL,NULL,NULL,NULL,NULL,NULL,NULL,NULL,NULL,NULL,NULL,NULL,NULL,NULL,NULL,NULL,NULL,NULL,NULL,NULL,NULL,NULL,NULL,NULL,NULL,NULL,NULL,NULL,NULL,NULL,NULL,NULL,NULL,NULL,NULL,NULL,NULL,NULL,NULL,NULL,NULL,NULL,NULL,NULL,NULL,NULL,NULL,NULL,NULL,NULL,NULL,NULL,NULL,NULL,NULL)
INSERT INTO CRONJOBHISTORIES VALUES(1,'2024-08-21 10:40:19.332000','2024-08-21 10:40:19.349000',8796100034642,NULL,8796125856266,NULL,'cleanOAuthAuthorizationCodeCronJob','cleanupOAuthAuthorizationCodePerformable','2024-08-21 10:40:19.289000',NULL,0,0,'admin',8796095414363,8796093251675,NULL,NULL,NULL,8796093415925,0,0)
COMMIT
/*C4*/DELETE FROM CRONJOBS WHERE PK=8796093481461
INSERT INTO CRONJOBS VALUES(6,'2024-08-21 10:37:10.458000','2024-08-21 10:40:19.349000',8796097413202,NULL,8796093481461,NULL,'cleanOAuthRefreshTokenCronJob',8796093120603,1,0,8796093153371,8796093186139,8796093054980,8796093087776,8796093087777,1,1,0,NULL,0,'2024-08-21 10:40:19.232000',NULL,8796095414363,8796093251675,NULL,NULL,0,NULL,1,NULL,NULL,4,0,8796093068191,NULL,14,5,8796093284443,14,5,8796093284443,1000,8796125823498,0,0,0,8796093612532,0,0,NULL,NULL,NULL,NULL,NULL,NULL,NULL,NULL,NULL,NULL,NULL,NULL,NULL,NULL,NULL,NULL,NULL,NULL,NULL,NULL,NULL,NULL,NULL,NULL,NULL,NULL,NULL,NULL,NULL,NULL,NULL,NULL,NULL,NULL,NULL,NULL,NULL,NULL,NULL,NULL,NULL,NULL,NULL,NULL,NULL,NULL,NULL,NULL,NULL,NULL,NULL,NULL,NULL,NULL,NULL,NULL,NULL,NULL,NULL,NULL,NULL,NULL,NULL,NULL,NULL,NULL,NULL,NULL,NULL,NULL,NULL,NULL,NULL,NULL,NULL,NULL,NULL,NULL,NULL,NULL)
INSERT INTO CRONJOBHISTORIES VALUES(1,'2024-08-21 10:40:19.332000','2024-08-21 10:40:19.350000',8796100034642,NULL,8796125823498,NULL,'cleanOAuthRefreshTokenCronJob','cleanupOAuthRefreshTokenPerformable','2024-08-21 10:40:19.289000',NULL,0,0,'admin',8796095414363,8796093251675,NULL,NULL,NULL,8796093481461,0,0)
COMMIT
/*C26*/SET SCHEMA PUBLIC
DELETE FROM TRIGGERSCJ WHERE PK=8796093088246
INSERT INTO TRIGGERSCJ VALUES(1,'2024-08-21 10:37:10.145000','2024-08-21 10:40:19.337000',8796101148754,NULL,8796093088246,NULL,1,-1,-1,-1,-1,-1,-1,0,NULL,NULL,NULL,'2024-08-21 10:45:00.000000','0 0/5 * ? * * *',-1,NULL,8796093350389,0,0)
DELETE FROM TASKS WHERE PK=8796093088694
INSERT INTO TASKS VALUES(1,'2024-08-21 10:37:10.151000','2024-08-21 10:40:19.349000',8796101640274,NULL,8796093088694,NULL,'triggerTaskRunner',1724247900000,NULL,0,NULL,NULL,NULL,NULL,NULL,0,0,0,0,NULL,NULL,NULL,8796093088246,NULL,NULL)
COMMIT
/*C25*/SET SCHEMA PUBLIC
DELETE FROM TRIGGERSCJ WHERE PK=8796093153782
INSERT INTO TRIGGERSCJ VALUES(1,'2024-08-21 10:37:10.468000','2024-08-21 10:40:19.336000',8796101148754,NULL,8796093153782,NULL,1,-1,-1,-1,-1,-1,-1,0,NULL,NULL,NULL,'2024-08-21 10:45:00.000000','0 0/5 * ? * * *',-1,NULL,8796093481461,0,0)
DELETE FROM TASKS WHERE PK=8796093154230
INSERT INTO TASKS VALUES(1,'2024-08-21 10:37:10.470000','2024-08-21 10:40:19.348000',8796101640274,NULL,8796093154230,NULL,'triggerTaskRunner',1724247900000,NULL,0,NULL,NULL,NULL,NULL,NULL,0,0,0,0,NULL,NULL,NULL,8796093153782,NULL,NULL)
COMMIT
/*C3*/DELETE FROM TRIGGERSCJ WHERE PK=8796093121014
INSERT INTO TRIGGERSCJ VALUES(1,'2024-08-21 10:37:10.300000','2024-08-21 10:40:19.337000',8796101148754,NULL,8796093121014,NULL,1,-1,-1,-1,-1,-1,-1,0,NULL,NULL,NULL,'2024-08-21 10:45:00.000000','0 0/5 * ? * * *',-1,NULL,8796093415925,0,0)
DELETE FROM TASKS WHERE PK=8796093121462
INSERT INTO TASKS VALUES(1,'2024-08-21 10:37:10.302000','2024-08-21 10:40:19.348000',8796101640274,NULL,8796093121462,NULL,'triggerTaskRunner',1724247900000,NULL,0,NULL,NULL,NULL,NULL,NULL,0,0,0,0,NULL,NULL,NULL,8796093121014,NULL,NULL)
COMMIT
DELETE FROM TASKS WHERE PK=8796093154230
INSERT INTO TASKS VALUES(2,'2024-08-21 10:37:10.470000','2024-08-21 10:40:19.424000',8796101640274,NULL,8796093154230,NULL,'triggerTaskRunner',1724247900000,1724245200000,0,7258161600000,NULL,NULL,NULL,NULL,0,0,0,0,NULL,NULL,NULL,8796093153782,NULL,NULL)
COMMIT
/*C26*/DELETE FROM TASKS WHERE PK=8796093088694
INSERT INTO TASKS VALUES(2,'2024-08-21 10:37:10.151000','2024-08-21 10:40:19.424000',8796101640274,NULL,8796093088694,NULL,'triggerTaskRunner',1724247900000,1724245200000,0,7258161600000,NULL,NULL,NULL,NULL,0,0,0,0,NULL,NULL,NULL,8796093088246,NULL,NULL)
COMMIT
/*C4*/DELETE FROM TASKS WHERE PK=8796093121462
INSERT INTO TASKS VALUES(2,'2024-08-21 10:37:10.302000','2024-08-21 10:40:19.433000',8796101640274,NULL,8796093121462,NULL,'triggerTaskRunner',1724247900000,1724245200000,0,7258161600000,NULL,NULL,NULL,NULL,0,0,0,0,NULL,NULL,NULL,8796093121014,NULL,NULL)
COMMIT
/*C3*/DELETE FROM TASKS WHERE PK=8796093154230
INSERT INTO TASKS VALUES(3,'2024-08-21 10:37:10.470000','2024-08-21 10:40:19.445000',8796101640274,NULL,8796093154230,NULL,'triggerTaskRunner',1724247900000,1724245200000,0,7258161600000,NULL,NULL,NULL,NULL,1,0,0,0,NULL,NULL,NULL,8796093153782,NULL,NULL)
COMMIT
/*C4*/DELETE FROM TASKS WHERE PK=8796093088694
INSERT INTO TASKS VALUES(3,'2024-08-21 10:37:10.151000','2024-08-21 10:40:19.445000',8796101640274,NULL,8796093088694,NULL,'triggerTaskRunner',1724247900000,1724245200000,0,7258161600000,NULL,NULL,NULL,NULL,1,0,0,0,NULL,NULL,NULL,8796093088246,NULL,NULL)
COMMIT
/*C25*/DELETE FROM TASKS WHERE PK=8796093121462
INSERT INTO TASKS VALUES(3,'2024-08-21 10:37:10.302000','2024-08-21 10:40:19.445000',8796101640274,NULL,8796093121462,NULL,'triggerTaskRunner',1724247900000,1724245200000,0,7258161600000,NULL,NULL,NULL,NULL,1,0,0,0,NULL,NULL,NULL,8796093121014,NULL,NULL)
COMMIT
/*C24*/DELETE FROM TASKS WHERE PK=8796093154230
INSERT INTO TASKS VALUES(3,'2024-08-21 10:37:10.470000','2024-08-21 10:40:19.445000',8796101640274,NULL,8796093154230,NULL,'triggerTaskRunner',1724247900000,1724245200000,0,7258161600000,NULL,NULL,NULL,NULL,1,-1,0,0,NULL,NULL,NULL,8796093153782,NULL,NULL)
COMMIT
/*C2*/DELETE FROM TASKS WHERE PK=8796093088694
INSERT INTO TASKS VALUES(3,'2024-08-21 10:37:10.151000','2024-08-21 10:40:19.445000',8796101640274,NULL,8796093088694,NULL,'triggerTaskRunner',1724247900000,1724245200000,0,7258161600000,NULL,NULL,NULL,NULL,1,-1,0,0,NULL,NULL,NULL,8796093088246,NULL,NULL)
COMMIT
/*C4*/DELETE FROM TASKS WHERE PK=8796093121462
INSERT INTO TASKS VALUES(3,'2024-08-21 10:37:10.302000','2024-08-21 10:40:19.445000',8796101640274,NULL,8796093121462,NULL,'triggerTaskRunner',1724247900000,1724245200000,0,7258161600000,NULL,NULL,NULL,NULL,1,-1,0,0,NULL,NULL,NULL,8796093121014,NULL,NULL)
COMMIT
DELETE FROM TASKS_AUX_QUEUE WHERE PK=8796093121462
COMMIT
/*C24*/DELETE FROM TASKS_AUX_QUEUE WHERE PK=8796093088694
COMMIT
/*C2*/DELETE FROM TASKS_AUX_QUEUE WHERE PK=8796093154230
COMMIT
/*C25*/DELETE FROM CRONJOBS WHERE PK=8796093415925
INSERT INTO CRONJOBS VALUES(7,'2024-08-21 10:37:10.292000','2024-08-21 10:40:19.457000',8796097413202,NULL,8796093415925,NULL,'cleanOAuthAuthorizationCodeCronJob',8796093120603,1,0,8796093153371,8796093186139,8796093054980,8796093087776,8796093087777,1,1,0,NULL,0,'2024-08-21 10:40:19.233000',NULL,8796095414363,8796095545435,NULL,NULL,0,NULL,1,NULL,NULL,4,0,8796093068191,NULL,14,5,8796093284443,14,5,8796093284443,1000,8796125856266,0,0,0,8796093645300,0,0,NULL,NULL,NULL,NULL,NULL,NULL,NULL,NULL,NULL,NULL,NULL,NULL,NULL,NULL,NULL,NULL,NULL,NULL,NULL,NULL,NULL,NULL,NULL,NULL,NULL,NULL,NULL,NULL,NULL,NULL,NULL,NULL,NULL,NULL,NULL,NULL,NULL,NULL,NULL,NULL,NULL,NULL,NULL,NULL,NULL,NULL,NULL,NULL,NULL,NULL,NULL,NULL,NULL,NULL,NULL,NULL,NULL,NULL,NULL,NULL,NULL,NULL,NULL,NULL,NULL,NULL,NULL,NULL,NULL,NULL,NULL,NULL,NULL,NULL,NULL,NULL,NULL,NULL,NULL,NULL)
COMMIT
/*C3*/DELETE FROM CRONJOBS WHERE PK=8796093350389
INSERT INTO CRONJOBS VALUES(7,'2024-08-21 10:37:10.133000','2024-08-21 10:40:19.458000',8796097413202,NULL,8796093350389,NULL,'cleanOAuthAccessTokenCronJob',8796093120603,1,0,8796093153371,8796093186139,8796093054980,8796093087776,8796093087777,1,1,0,NULL,0,'2024-08-21 10:40:19.233000',NULL,8796095414363,8796095545435,NULL,NULL,0,NULL,1,NULL,NULL,4,0,8796093068191,NULL,14,5,8796093284443,14,5,8796093284443,1000,8796125889034,0,0,0,8796093579764,0,0,NULL,NULL,NULL,NULL,NULL,NULL,NULL,NULL,NULL,NULL,NULL,NULL,NULL,NULL,NULL,NULL,NULL,NULL,NULL,NULL,NULL,NULL,NULL,NULL,NULL,NULL,NULL,NULL,NULL,NULL,NULL,NULL,NULL,NULL,NULL,NULL,NULL,NULL,NULL,NULL,NULL,NULL,NULL,NULL,NULL,NULL,NULL,NULL,NULL,NULL,NULL,NULL,NULL,NULL,NULL,NULL,NULL,NULL,NULL,NULL,NULL,NULL,NULL,NULL,NULL,NULL,NULL,NULL,NULL,NULL,NULL,NULL,NULL,NULL,NULL,NULL,NULL,NULL,NULL,NULL)
COMMIT
/*C26*/DELETE FROM CRONJOBS WHERE PK=8796093481461
INSERT INTO CRONJOBS VALUES(7,'2024-08-21 10:37:10.458000','2024-08-21 10:40:19.458000',8796097413202,NULL,8796093481461,NULL,'cleanOAuthRefreshTokenCronJob',8796093120603,1,0,8796093153371,8796093186139,8796093054980,8796093087776,8796093087777,1,1,0,NULL,0,'2024-08-21 10:40:19.232000',NULL,8796095414363,8796095545435,NULL,NULL,0,NULL,1,NULL,NULL,4,0,8796093068191,NULL,14,5,8796093284443,14,5,8796093284443,1000,8796125823498,0,0,0,8796093612532,0,0,NULL,NULL,NULL,NULL,NULL,NULL,NULL,NULL,NULL,NULL,NULL,NULL,NULL,NULL,NULL,NULL,NULL,NULL,NULL,NULL,NULL,NULL,NULL,NULL,NULL,NULL,NULL,NULL,NULL,NULL,NULL,NULL,NULL,NULL,NULL,NULL,NULL,NULL,NULL,NULL,NULL,NULL,NULL,NULL,NULL,NULL,NULL,NULL,NULL,NULL,NULL,NULL,NULL,NULL,NULL,NULL,NULL,NULL,NULL,NULL,NULL,NULL,NULL,NULL,NULL,NULL,NULL,NULL,NULL,NULL,NULL,NULL,NULL,NULL,NULL,NULL,NULL,NULL,NULL,NULL)
COMMIT
DELETE FROM CRONJOBS WHERE PK=8796093415925
INSERT INTO CRONJOBS VALUES(8,'2024-08-21 10:37:10.292000','2024-08-21 10:40:19.470000',8796097413202,NULL,8796093415925,NULL,'cleanOAuthAuthorizationCodeCronJob',8796093120603,1,0,8796093153371,8796093186139,8796093054980,8796093087776,8796093087777,1,1,0,NULL,0,'2024-08-21 10:40:19.233000',NULL,8796095479899,8796095545435,NULL,NULL,0,NULL,1,NULL,NULL,4,0,8796093068191,NULL,14,5,8796093284443,14,5,8796093284443,1000,8796125856266,0,0,0,8796093645300,0,0,NULL,NULL,NULL,NULL,NULL,NULL,NULL,NULL,NULL,NULL,NULL,NULL,NULL,NULL,NULL,NULL,NULL,NULL,NULL,NULL,NULL,NULL,NULL,NULL,NULL,NULL,NULL,NULL,NULL,NULL,NULL,NULL,NULL,NULL,NULL,NULL,NULL,NULL,NULL,NULL,NULL,NULL,NULL,NULL,NULL,NULL,NULL,NULL,NULL,NULL,NULL,NULL,NULL,NULL,NULL,NULL,NULL,NULL,NULL,NULL,NULL,NULL,NULL,NULL,NULL,NULL,NULL,NULL,NULL,NULL,NULL,NULL,NULL,NULL,NULL,NULL,NULL,NULL,NULL,NULL)
COMMIT
/*C3*/DELETE FROM CRONJOBS WHERE PK=8796093481461
INSERT INTO CRONJOBS VALUES(8,'2024-08-21 10:37:10.458000','2024-08-21 10:40:19.472000',8796097413202,NULL,8796093481461,NULL,'cleanOAuthRefreshTokenCronJob',8796093120603,1,0,8796093153371,8796093186139,8796093054980,8796093087776,8796093087777,1,1,0,NULL,0,'2024-08-21 10:40:19.232000',NULL,8796095479899,8796095545435,NULL,NULL,0,NULL,1,NULL,NULL,4,0,8796093068191,NULL,14,5,8796093284443,14,5,8796093284443,1000,8796125823498,0,0,0,8796093612532,0,0,NULL,NULL,NULL,NULL,NULL,NULL,NULL,NULL,NULL,NULL,NULL,NULL,NULL,NULL,NULL,NULL,NULL,NULL,NULL,NULL,NULL,NULL,NULL,NULL,NULL,NULL,NULL,NULL,NULL,NULL,NULL,NULL,NULL,NULL,NULL,NULL,NULL,NULL,NULL,NULL,NULL,NULL,NULL,NULL,NULL,NULL,NULL,NULL,NULL,NULL,NULL,NULL,NULL,NULL,NULL,NULL,NULL,NULL,NULL,NULL,NULL,NULL,NULL,NULL,NULL,NULL,NULL,NULL,NULL,NULL,NULL,NULL,NULL,NULL,NULL,NULL,NULL,NULL,NULL,NULL)
COMMIT
DELETE FROM CRONJOBS WHERE PK=8796093415925
INSERT INTO CRONJOBS VALUES(9,'2024-08-21 10:37:10.292000','2024-08-21 10:40:19.478000',8796097413202,NULL,8796093415925,NULL,'cleanOAuthAuthorizationCodeCronJob',8796093120603,1,0,8796093153371,8796093186139,8796093054980,8796093087776,8796093087777,1,1,0,NULL,0,'2024-08-21 10:40:19.233000','2024-08-21 10:40:19.477000',8796095479899,8796095545435,NULL,NULL,0,NULL,1,NULL,NULL,4,0,8796093068191,NULL,14,5,8796093284443,14,5,8796093284443,1000,8796125856266,0,0,0,8796093645300,0,0,NULL,NULL,NULL,NULL,NULL,NULL,NULL,NULL,NULL,NULL,NULL,NULL,NULL,NULL,NULL,NULL,NULL,NULL,NULL,NULL,NULL,NULL,NULL,NULL,NULL,NULL,NULL,NULL,NULL,NULL,NULL,NULL,NULL,NULL,NULL,NULL,NULL,NULL,NULL,NULL,NULL,NULL,NULL,NULL,NULL,NULL,NULL,NULL,NULL,NULL,NULL,NULL,NULL,NULL,NULL,NULL,NULL,NULL,NULL,NULL,NULL,NULL,NULL,NULL,NULL,NULL,NULL,NULL,NULL,NULL,NULL,NULL,NULL,NULL,NULL,NULL,NULL,NULL,NULL,NULL)
COMMIT
/*C25*/DELETE FROM CRONJOBS WHERE PK=8796093481461
INSERT INTO CRONJOBS VALUES(9,'2024-08-21 10:37:10.458000','2024-08-21 10:40:19.480000',8796097413202,NULL,8796093481461,NULL,'cleanOAuthRefreshTokenCronJob',8796093120603,1,0,8796093153371,8796093186139,8796093054980,8796093087776,8796093087777,1,1,0,NULL,0,'2024-08-21 10:40:19.232000','2024-08-21 10:40:19.480000',8796095479899,8796095545435,NULL,NULL,0,NULL,1,NULL,NULL,4,0,8796093068191,NULL,14,5,8796093284443,14,5,8796093284443,1000,8796125823498,0,0,0,8796093612532,0,0,NULL,NULL,NULL,NULL,NULL,NULL,NULL,NULL,NULL,NULL,NULL,NULL,NULL,NULL,NULL,NULL,NULL,NULL,NULL,NULL,NULL,NULL,NULL,NULL,NULL,NULL,NULL,NULL,NULL,NULL,NULL,NULL,NULL,NULL,NULL,NULL,NULL,NULL,NULL,NULL,NULL,NULL,NULL,NULL,NULL,NULL,NULL,NULL,NULL,NULL,NULL,NULL,NULL,NULL,NULL,NULL,NULL,NULL,NULL,NULL,NULL,NULL,NULL,NULL,NULL,NULL,NULL,NULL,NULL,NULL,NULL,NULL,NULL,NULL,NULL,NULL,NULL,NULL,NULL,NULL)
COMMIT
/*C26*/DELETE FROM CRONJOBS WHERE PK=8796093350389
INSERT INTO CRONJOBS VALUES(8,'2024-08-21 10:37:10.133000','2024-08-21 10:40:19.480000',8796097413202,NULL,8796093350389,NULL,'cleanOAuthAccessTokenCronJob',8796093120603,1,0,8796093153371,8796093186139,8796093054980,8796093087776,8796093087777,1,1,0,NULL,0,'2024-08-21 10:40:19.233000',NULL,8796095479899,8796095545435,NULL,NULL,0,NULL,1,NULL,NULL,4,0,8796093068191,NULL,14,5,8796093284443,14,5,8796093284443,1000,8796125889034,0,0,0,8796093579764,0,0,NULL,NULL,NULL,NULL,NULL,NULL,NULL,NULL,NULL,NULL,NULL,NULL,NULL,NULL,NULL,NULL,NULL,NULL,NULL,NULL,NULL,NULL,NULL,NULL,NULL,NULL,NULL,NULL,NULL,NULL,NULL,NULL,NULL,NULL,NULL,NULL,NULL,NULL,NULL,NULL,NULL,NULL,NULL,NULL,NULL,NULL,NULL,NULL,NULL,NULL,NULL,NULL,NULL,NULL,NULL,NULL,NULL,NULL,NULL,NULL,NULL,NULL,NULL,NULL,NULL,NULL,NULL,NULL,NULL,NULL,NULL,NULL,NULL,NULL,NULL,NULL,NULL,NULL,NULL,NULL)
COMMIT
/*C3*/DELETE FROM CRONJOBS WHERE PK=8796093415925
INSERT INTO CRONJOBS VALUES(10,'2024-08-21 10:37:10.292000','2024-08-21 10:40:19.500000',8796097413202,NULL,8796093415925,NULL,'cleanOAuthAuthorizationCodeCronJob',8796093120603,1,0,8796093153371,8796093186139,8796093054980,8796093087776,8796093087777,1,1,0,NULL,0,'2024-08-21 10:40:19.233000','2024-08-21 10:40:19.477000',8796095479899,8796095545435,NULL,NULL,NULL,NULL,1,NULL,NULL,4,0,8796093068191,NULL,14,5,8796093284443,14,5,8796093284443,1000,8796125856266,0,0,0,8796093645300,0,0,NULL,NULL,NULL,NULL,NULL,NULL,NULL,NULL,NULL,NULL,NULL,NULL,NULL,NULL,NULL,NULL,NULL,NULL,NULL,NULL,NULL,NULL,NULL,NULL,NULL,NULL,NULL,NULL,NULL,NULL,NULL,NULL,NULL,NULL,NULL,NULL,NULL,NULL,NULL,NULL,NULL,NULL,NULL,NULL,NULL,NULL,NULL,NULL,NULL,NULL,NULL,NULL,NULL,NULL,NULL,NULL,NULL,NULL,NULL,NULL,NULL,NULL,NULL,NULL,NULL,NULL,NULL,NULL,NULL,NULL,NULL,NULL,NULL,NULL,NULL,NULL,NULL,NULL,NULL,NULL)
COMMIT
/*C25*/DELETE FROM CRONJOBS WHERE PK=8796093481461
INSERT INTO CRONJOBS VALUES(10,'2024-08-21 10:37:10.458000','2024-08-21 10:40:19.500000',8796097413202,NULL,8796093481461,NULL,'cleanOAuthRefreshTokenCronJob',8796093120603,1,0,8796093153371,8796093186139,8796093054980,8796093087776,8796093087777,1,1,0,NULL,0,'2024-08-21 10:40:19.232000','2024-08-21 10:40:19.480000',8796095479899,8796095545435,NULL,NULL,NULL,NULL,1,NULL,NULL,4,0,8796093068191,NULL,14,5,8796093284443,14,5,8796093284443,1000,8796125823498,0,0,0,8796093612532,0,0,NULL,NULL,NULL,NULL,NULL,NULL,NULL,NULL,NULL,NULL,NULL,NULL,NULL,NULL,NULL,NULL,NULL,NULL,NULL,NULL,NULL,NULL,NULL,NULL,NULL,NULL,NULL,NULL,NULL,NULL,NULL,NULL,NULL,NULL,NULL,NULL,NULL,NULL,NULL,NULL,NULL,NULL,NULL,NULL,NULL,NULL,NULL,NULL,NULL,NULL,NULL,NULL,NULL,NULL,NULL,NULL,NULL,NULL,NULL,NULL,NULL,NULL,NULL,NULL,NULL,NULL,NULL,NULL,NULL,NULL,NULL,NULL,NULL,NULL,NULL,NULL,NULL,NULL,NULL,NULL)
COMMIT
DELETE FROM CRONJOBS WHERE PK=8796093350389
INSERT INTO CRONJOBS VALUES(9,'2024-08-21 10:37:10.133000','2024-08-21 10:40:19.509000',8796097413202,NULL,8796093350389,NULL,'cleanOAuthAccessTokenCronJob',8796093120603,1,0,8796093153371,8796093186139,8796093054980,8796093087776,8796093087777,1,1,0,NULL,0,'2024-08-21 10:40:19.233000','2024-08-21 10:40:19.509000',8796095479899,8796095545435,NULL,NULL,0,NULL,1,NULL,NULL,4,0,8796093068191,NULL,14,5,8796093284443,14,5,8796093284443,1000,8796125889034,0,0,0,8796093579764,0,0,NULL,NULL,NULL,NULL,NULL,NULL,NULL,NULL,NULL,NULL,NULL,NULL,NULL,NULL,NULL,NULL,NULL,NULL,NULL,NULL,NULL,NULL,NULL,NULL,NULL,NULL,NULL,NULL,NULL,NULL,NULL,NULL,NULL,NULL,NULL,NULL,NULL,NULL,NULL,NULL,NULL,NULL,NULL,NULL,NULL,NULL,NULL,NULL,NULL,NULL,NULL,NULL,NULL,NULL,NULL,NULL,NULL,NULL,NULL,NULL,NULL,NULL,NULL,NULL,NULL,NULL,NULL,NULL,NULL,NULL,NULL,NULL,NULL,NULL,NULL,NULL,NULL,NULL,NULL,NULL)
COMMIT
DELETE FROM CRONJOBS WHERE PK=8796093350389
INSERT INTO CRONJOBS VALUES(10,'2024-08-21 10:37:10.133000','2024-08-21 10:40:19.519000',8796097413202,NULL,8796093350389,NULL,'cleanOAuthAccessTokenCronJob',8796093120603,1,0,8796093153371,8796093186139,8796093054980,8796093087776,8796093087777,1,1,0,NULL,0,'2024-08-21 10:40:19.233000','2024-08-21 10:40:19.509000',8796095479899,8796095545435,NULL,NULL,NULL,NULL,1,NULL,NULL,4,0,8796093068191,NULL,14,5,8796093284443,14,5,8796093284443,1000,8796125889034,0,0,0,8796093579764,0,0,NULL,NULL,NULL,NULL,NULL,NULL,NULL,NULL,NULL,NULL,NULL,NULL,NULL,NULL,NULL,NULL,NULL,NULL,NULL,NULL,NULL,NULL,NULL,NULL,NULL,NULL,NULL,NULL,NULL,NULL,NULL,NULL,NULL,NULL,NULL,NULL,NULL,NULL,NULL,NULL,NULL,NULL,NULL,NULL,NULL,NULL,NULL,NULL,NULL,NULL,NULL,NULL,NULL,NULL,NULL,NULL,NULL,NULL,NULL,NULL,NULL,NULL,NULL,NULL,NULL,NULL,NULL,NULL,NULL,NULL,NULL,NULL,NULL,NULL,NULL,NULL,NULL,NULL,NULL,NULL)
COMMIT
/*C26*/DELETE FROM CRONJOBS WHERE PK=8796093415925
INSERT INTO CRONJOBS VALUES(11,'2024-08-21 10:37:10.292000','2024-08-21 10:40:19.513000',8796097413202,NULL,8796093415925,NULL,'cleanOAuthAuthorizationCodeCronJob',8796093120603,1,0,8796093153371,8796093186139,8796093054980,8796093087776,8796093087777,1,1,0,NULL,0,'2024-08-21 10:40:19.233000','2024-08-21 10:40:19.477000',8796095479899,8796095545435,NULL,NULL,NULL,NULL,1,NULL,NULL,4,0,8796093068191,NULL,14,5,8796093284443,14,5,8796093284443,1000,NULL,0,0,0,8796093645300,0,0,NULL,NULL,NULL,NULL,NULL,NULL,NULL,NULL,NULL,NULL,NULL,NULL,NULL,NULL,NULL,NULL,NULL,NULL,NULL,NULL,NULL,NULL,NULL,NULL,NULL,NULL,NULL,NULL,NULL,NULL,NULL,NULL,NULL,NULL,NULL,NULL,NULL,NULL,NULL,NULL,NULL,NULL,NULL,NULL,NULL,NULL,NULL,NULL,NULL,NULL,NULL,NULL,NULL,NULL,NULL,NULL,NULL,NULL,NULL,NULL,NULL,NULL,NULL,NULL,NULL,NULL,NULL,NULL,NULL,NULL,NULL,NULL,NULL,NULL,NULL,NULL,NULL,NULL,NULL,NULL)
DELETE FROM CRONJOBHISTORIES WHERE PK=8796125856266
INSERT INTO CRONJOBHISTORIES VALUES(2,'2024-08-21 10:40:19.332000','2024-08-21 10:40:19.516000',8796100034642,NULL,8796125856266,NULL,'cleanOAuthAuthorizationCodeCronJob','cleanupOAuthAuthorizationCodePerformable','2024-08-21 10:40:19.289000','2024-08-21 10:40:19.477000',0,0,'admin',8796095479899,8796095545435,NULL,NULL,NULL,8796093415925,0,0)
COMMIT
/*C3*/DELETE FROM CRONJOBS WHERE PK=8796093481461
INSERT INTO CRONJOBS VALUES(11,'2024-08-21 10:37:10.458000','2024-08-21 10:40:19.513000',8796097413202,NULL,8796093481461,NULL,'cleanOAuthRefreshTokenCronJob',8796093120603,1,0,8796093153371,8796093186139,8796093054980,8796093087776,8796093087777,1,1,0,NULL,0,'2024-08-21 10:40:19.232000','2024-08-21 10:40:19.480000',8796095479899,8796095545435,NULL,NULL,NULL,NULL,1,NULL,NULL,4,0,8796093068191,NULL,14,5,8796093284443,14,5,8796093284443,1000,NULL,0,0,0,8796093612532,0,0,NULL,NULL,NULL,NULL,NULL,NULL,NULL,NULL,NULL,NULL,NULL,NULL,NULL,NULL,NULL,NULL,NULL,NULL,NULL,NULL,NULL,NULL,NULL,NULL,NULL,NULL,NULL,NULL,NULL,NULL,NULL,NULL,NULL,NULL,NULL,NULL,NULL,NULL,NULL,NULL,NULL,NULL,NULL,NULL,NULL,NULL,NULL,NULL,NULL,NULL,NULL,NULL,NULL,NULL,NULL,NULL,NULL,NULL,NULL,NULL,NULL,NULL,NULL,NULL,NULL,NULL,NULL,NULL,NULL,NULL,NULL,NULL,NULL,NULL,NULL,NULL,NULL,NULL,NULL,NULL)
DELETE FROM CRONJOBHISTORIES WHERE PK=8796125823498
INSERT INTO CRONJOBHISTORIES VALUES(2,'2024-08-21 10:40:19.332000','2024-08-21 10:40:19.516000',8796100034642,NULL,8796125823498,NULL,'cleanOAuthRefreshTokenCronJob','cleanupOAuthRefreshTokenPerformable','2024-08-21 10:40:19.289000','2024-08-21 10:40:19.480000',0,0,'admin',8796095479899,8796095545435,NULL,NULL,NULL,8796093481461,0,0)
COMMIT
/*C2*/DELETE FROM NUMBERSERIES WHERE SERIESKEY='pk_30'
INSERT INTO NUMBERSERIES VALUES(NULL,'pk_30',1,2001,NULL)
COMMIT
/*C26*/DELETE FROM CRONJOBS WHERE PK=8796093350389
INSERT INTO CRONJOBS VALUES(11,'2024-08-21 10:37:10.133000','2024-08-21 10:40:19.539000',8796097413202,NULL,8796093350389,NULL,'cleanOAuthAccessTokenCronJob',8796093120603,1,0,8796093153371,8796093186139,8796093054980,8796093087776,8796093087777,1,1,0,NULL,0,'2024-08-21 10:40:19.233000','2024-08-21 10:40:19.509000',8796095479899,8796095545435,NULL,NULL,NULL,NULL,1,NULL,NULL,4,0,8796093068191,NULL,14,5,8796093284443,14,5,8796093284443,1000,NULL,0,0,0,8796093579764,0,0,NULL,NULL,NULL,NULL,NULL,NULL,NULL,NULL,NULL,NULL,NULL,NULL,NULL,NULL,NULL,NULL,NULL,NULL,NULL,NULL,NULL,NULL,NULL,NULL,NULL,NULL,NULL,NULL,NULL,NULL,NULL,NULL,NULL,NULL,NULL,NULL,NULL,NULL,NULL,NULL,NULL,NULL,NULL,NULL,NULL,NULL,NULL,NULL,NULL,NULL,NULL,NULL,NULL,NULL,NULL,NULL,NULL,NULL,NULL,NULL,NULL,NULL,NULL,NULL,NULL,NULL,NULL,NULL,NULL,NULL,NULL,NULL,NULL,NULL,NULL,NULL,NULL,NULL,NULL,NULL)
DELETE FROM CRONJOBHISTORIES WHERE PK=8796125889034
INSERT INTO CRONJOBHISTORIES VALUES(2,'2024-08-21 10:40:19.332000','2024-08-21 10:40:19.544000',8796100034642,NULL,8796125889034,NULL,'cleanOAuthAccessTokenCronJob','cleanupOAuthAccessTokenPerformable','2024-08-21 10:40:19.289000','2024-08-21 10:40:19.509000',0,0,'admin',8796095479899,8796095545435,NULL,NULL,NULL,8796093350389,0,0)
COMMIT
INSERT INTO MEDIAS VALUES(0,'2024-08-21 10:40:19.560000','2024-08-21 10:40:19.560000',8796097380434,8796093350389,8796125888542,NULL,NULL,NULL,NULL,NULL,NULL,NULL,'20240821_104019-de912b27-6ed8-4e30-9e90-ece5f911e9d2.zip',NULL,NULL,NULL,1,NULL,8796093120566,NULL,NULL,NULL,NULL,0,0,NULL,NULL,NULL,NULL,NULL,NULL,NULL,NULL,NULL,NULL,NULL,NULL,NULL,NULL,NULL,NULL)
COMMIT
/*C25*/INSERT INTO MEDIAS VALUES(0,'2024-08-21 10:40:19.554000','2024-08-21 10:40:19.554000',8796097380434,8796093481461,8796125855774,NULL,NULL,NULL,NULL,NULL,NULL,NULL,'20240821_104019-3dc75a36-8f7c-4022-bc0f-5e50a630fc08.zip',NULL,NULL,NULL,1,NULL,8796093120566,NULL,NULL,NULL,NULL,0,0,NULL,NULL,NULL,NULL,NULL,NULL,NULL,NULL,NULL,NULL,NULL,NULL,NULL,NULL,NULL,NULL)
COMMIT
/*C3*/INSERT INTO MEDIAS VALUES(0,'2024-08-21 10:40:19.553000','2024-08-21 10:40:19.553000',8796097380434,8796093415925,8796125823006,NULL,NULL,NULL,NULL,NULL,NULL,NULL,'20240821_104019-c2284e44-ae3a-4397-b324-a98374e5f8ef.zip',NULL,NULL,NULL,1,NULL,8796093120566,NULL,NULL,NULL,NULL,0,0,NULL,NULL,NULL,NULL,NULL,NULL,NULL,NULL,NULL,NULL,NULL,NULL,NULL,NULL,NULL,NULL)
COMMIT
/*C26*/DELETE FROM MEDIAS WHERE PK=8796125855774
INSERT INTO MEDIAS VALUES(1,'2024-08-21 10:40:19.554000','2024-08-21 10:40:19.670000',8796097380434,8796093481461,8796125855774,NULL,'application/zip',276,8796125986846,'cronjob/h79/hd0/8796125986846.zip','ff7f66765eaf556499fb042f337a220ca77d64c9e39f9c036c3b0a94f655a40c','20240821_104019-3dc75a36-8f7c-4022-bc0f-5e50a630fc08.zip','20240821_104019-3dc75a36-8f7c-4022-bc0f-5e50a630fc08.zip','replicated273654712',NULL,NULL,1,NULL,8796093120566,NULL,NULL,NULL,NULL,0,0,NULL,NULL,NULL,NULL,NULL,NULL,NULL,NULL,NULL,NULL,NULL,NULL,NULL,NULL,NULL,NULL)
COMMIT
/*C25*/DELETE FROM MEDIAS WHERE PK=8796125888542
INSERT INTO MEDIAS VALUES(1,'2024-08-21 10:40:19.560000','2024-08-21 10:40:19.670000',8796097380434,8796093350389,8796125888542,NULL,'application/zip',274,8796125921310,'cronjob/h6c/h4d/8796125921310.zip','bffb3ad4e0e757fe7bf259e6a230527eae500d8253d4e1770d1077ac8a6323f7','20240821_104019-de912b27-6ed8-4e30-9e90-ece5f911e9d2.zip','20240821_104019-de912b27-6ed8-4e30-9e90-ece5f911e9d2.zip','replicated273654712',NULL,NULL,1,NULL,8796093120566,NULL,NULL,NULL,NULL,0,0,NULL,NULL,NULL,NULL,NULL,NULL,NULL,NULL,NULL,NULL,NULL,NULL,NULL,NULL,NULL,NULL)
COMMIT
/*C3*/DELETE FROM MEDIAS WHERE PK=8796125823006
INSERT INTO MEDIAS VALUES(1,'2024-08-21 10:40:19.553000','2024-08-21 10:40:19.670000',8796097380434,8796093415925,8796125823006,NULL,'application/zip',275,8796125954078,'cronjob/h6b/h73/8796125954078.zip','9682f76411634ec258dc5bfabf23a20614dfc2447b51fdc7b45934c1f317bff2','20240821_104019-c2284e44-ae3a-4397-b324-a98374e5f8ef.zip','20240821_104019-c2284e44-ae3a-4397-b324-a98374e5f8ef.zip','replicated273654712',NULL,NULL,1,NULL,8796093120566,NULL,NULL,NULL,NULL,0,0,NULL,NULL,NULL,NULL,NULL,NULL,NULL,NULL,NULL,NULL,NULL,NULL,NULL,NULL,NULL,NULL)
COMMIT
DELETE FROM USERS WHERE PK=8796093054980
INSERT INTO USERS VALUES(5,'2024-08-21 10:36:45.000000','2024-08-21 10:40:19.734000',8796095381586,NULL,8796093054980,NULL,'administrator description','Administrator','admin',NULL,NULL,NULL,'pbkdf2','1:HyXxen5XdC+SIkpdJ41v6g==1P8qTw3RaRePLrIktlEln1506OaIXqd6DV5xy5OhZ0zxal+8MP4pd5M8ix80+7qC46+iCYrylZZsUXWlBkKhjE5tiOFC0uKOJku8Nh/09XHbC190o+Pn0immPjaSJm4sWEhl5XH36X9J68fHHKxECe3ceHYyPJypAWF2GfulmA3JDJC0MkEYnd8jWTpmMbM/4fVdNQ087iqYr7mqZez1aEHR5GFEZA2rX7rfjipKp/s=',NULL,NULL,NULL,NULL,NULL,NULL,NULL,NULL,NULL,NULL,'1:80dT9XzsoKEdWIhmam+wrw==oI6rw2zqfZL7d7WPRRstaTOGZKTobjmT/cvtC+ewN56xbrRj/06IdJDhs1RAg+n7',NULL,NULL,NULL,0,0,NULL,NULL)
COMMIT
INSERT INTO USERS4SN VALUES(4,8796093054980,8796095381586,'2024-08-21 10:40:19.734000','2024-08-21 10:40:19.770000','admin','{"blacklistedAttributes":{"encodedpassword":false}}','{"mapBasedAttributes":{},"attributes":{"passwordencoding":{"type":{"type":"java.lang.String","collection":""},"value":["pbkdf2"]},"uid":{"type":{"type":"java.lang.String","collection":""},"value":["admin"]},"modifiedtime":{"type":{"type":"java.util.Date","collection":""},"value":["1724247428867"]},"itemtype":{"type":{"type":"de.hybris.platform.core.PK","collection":""},"value":["8796095381586"]},"name":{"type":{"type":"java.lang.String","collection":""},"value":["Administrator"]},"description":{"type":{"type":"java.lang.String","collection":""},"value":["administrator description"]},"creationtime":{"type":{"type":"java.util.Date","collection":""},"value":["1724247405000"]},"pk":{"type":{"type":"de.hybris.platform.core.PK","collection":""},"value":["8796093054980"]},"encodedpassword":{"type":{"type":"java.lang.String","collection":""},"value":["****"]}},"locAttributes":{}}','{"mapBasedAttributes":{},"attributes":{"passwordencoding":{"type":{"type":"java.lang.String","collection":""},"value":["pbkdf2"]},"uid":{"type":{"type":"java.lang.String","collection":""},"value":["admin"]},"modifiedtime":{"type":{"type":"java.util.Date","collection":""},"value":["1724247619734"]},"itemtype":{"type":{"type":"de.hybris.platform.core.PK","collection":""},"value":["8796095381586"]},"randomtoken":{"type":{"type":"java.lang.String","collection":""},"value":["w2GjBlXKzEVBRWFNCcp0Kw==1724247619730"]},"name":{"type":{"type":"java.lang.String","collection":""},"value":["Administrator"]},"description":{"type":{"type":"java.lang.String","collection":""},"value":["administrator description"]},"creationtime":{"type":{"type":"java.util.Date","collection":""},"value":["1724247405000"]},"pk":{"type":{"type":"de.hybris.platform.core.PK","collection":""},"value":["8796093054980"]},"encodedpassword":{"type":{"type":"java.lang.String","collection":""},"value":["****"]}},"locAttributes":{}}',2)
COMMIT
/*C25*/DELETE FROM TASKS_AUX_WORKERS WHERE ID=0 AND RANGES='0, 1000' AND HEALTH_CHECK='2024-08-21 10:40:18.663892' AND EXCLUSIVE_MODE=0 AND NODE_GROUPS='' AND IS_ACTIVE=1
INSERT INTO TASKS_AUX_WORKERS VALUES(0,'0, 1000','2024-08-21 10:40:28.689857',0,'',1)
COMMIT
DELETE FROM TASKS_AUX_SCHEDULER WHERE ID='scheduler' AND LAST_ACTIVITY_TS='2024-08-21 10:40:18.665' AND VERSION=4
INSERT INTO TASKS_AUX_SCHEDULER VALUES('scheduler','2024-08-21 10:40:28.691',4)
COMMIT
DELETE FROM TASKS_AUX_WORKERS WHERE ID=0 AND RANGES='0, 1000' AND HEALTH_CHECK='2024-08-21 10:40:28.689857' AND EXCLUSIVE_MODE=0 AND NODE_GROUPS='' AND IS_ACTIVE=1
INSERT INTO TASKS_AUX_WORKERS VALUES(0,'0, 1000','2024-08-21 10:40:28.689857',0,'',1)
COMMIT
/*C26*/DELETE FROM TASKS_AUX_WORKERS WHERE ID=0 AND RANGES='0, 1000' AND HEALTH_CHECK='2024-08-21 10:40:28.689857' AND EXCLUSIVE_MODE=0 AND NODE_GROUPS='' AND IS_ACTIVE=1
INSERT INTO TASKS_AUX_WORKERS VALUES(0,'0, 1000','2024-08-21 10:40:38.706367',0,'',1)
COMMIT
DELETE FROM TASKS_AUX_SCHEDULER WHERE ID='scheduler' AND LAST_ACTIVITY_TS='2024-08-21 10:40:28.691' AND VERSION=4
INSERT INTO TASKS_AUX_SCHEDULER VALUES('scheduler','2024-08-21 10:40:38.707',4)
COMMIT
DELETE FROM TASKS_AUX_WORKERS WHERE ID=0 AND RANGES='0, 1000' AND HEALTH_CHECK='2024-08-21 10:40:38.706367' AND EXCLUSIVE_MODE=0 AND NODE_GROUPS='' AND IS_ACTIVE=1
INSERT INTO TASKS_AUX_WORKERS VALUES(0,'0, 1000','2024-08-21 10:40:38.706367',0,'',1)
COMMIT
/*C25*/DELETE FROM TASKS_AUX_WORKERS WHERE ID=0 AND RANGES='0, 1000' AND HEALTH_CHECK='2024-08-21 10:40:38.706367' AND EXCLUSIVE_MODE=0 AND NODE_GROUPS='' AND IS_ACTIVE=1
INSERT INTO TASKS_AUX_WORKERS VALUES(0,'0, 1000','2024-08-21 10:40:48.721129',0,'',1)
COMMIT
DELETE FROM TASKS_AUX_SCHEDULER WHERE ID='scheduler' AND LAST_ACTIVITY_TS='2024-08-21 10:40:38.707' AND VERSION=4
INSERT INTO TASKS_AUX_SCHEDULER VALUES('scheduler','2024-08-21 10:40:48.722',4)
COMMIT
DELETE FROM TASKS_AUX_WORKERS WHERE ID=0 AND RANGES='0, 1000' AND HEALTH_CHECK='2024-08-21 10:40:48.721129' AND EXCLUSIVE_MODE=0 AND NODE_GROUPS='' AND IS_ACTIVE=1
INSERT INTO TASKS_AUX_WORKERS VALUES(0,'0, 1000','2024-08-21 10:40:48.721129',0,'',1)
COMMIT
/*C4*/DELETE FROM TASKS_AUX_WORKERS WHERE ID=0 AND RANGES='0, 1000' AND HEALTH_CHECK='2024-08-21 10:40:48.721129' AND EXCLUSIVE_MODE=0 AND NODE_GROUPS='' AND IS_ACTIVE=1
INSERT INTO TASKS_AUX_WORKERS VALUES(0,'0, 1000','2024-08-21 10:40:58.734311',0,'',1)
COMMIT
DELETE FROM TASKS_AUX_SCHEDULER WHERE ID='scheduler' AND LAST_ACTIVITY_TS='2024-08-21 10:40:48.722' AND VERSION=4
INSERT INTO TASKS_AUX_SCHEDULER VALUES('scheduler','2024-08-21 10:40:58.735',4)
COMMIT
DELETE FROM TASKS_AUX_WORKERS WHERE ID=0 AND RANGES='0, 1000' AND HEALTH_CHECK='2024-08-21 10:40:58.734311' AND EXCLUSIVE_MODE=0 AND NODE_GROUPS='' AND IS_ACTIVE=1
INSERT INTO TASKS_AUX_WORKERS VALUES(0,'0, 1000','2024-08-21 10:40:58.734311',0,'',1)
COMMIT
/*C2*/DELETE FROM TASKS_AUX_WORKERS WHERE ID=0 AND RANGES='0, 1000' AND HEALTH_CHECK='2024-08-21 10:40:58.734311' AND EXCLUSIVE_MODE=0 AND NODE_GROUPS='' AND IS_ACTIVE=1
INSERT INTO TASKS_AUX_WORKERS VALUES(0,'0, 1000','2024-08-21 10:41:08.746519',0,'',1)
COMMIT
DELETE FROM TASKS_AUX_SCHEDULER WHERE ID='scheduler' AND LAST_ACTIVITY_TS='2024-08-21 10:40:58.735' AND VERSION=4
INSERT INTO TASKS_AUX_SCHEDULER VALUES('scheduler','2024-08-21 10:41:08.747',4)
COMMIT
DELETE FROM TASKS_AUX_WORKERS WHERE ID=0 AND RANGES='0, 1000' AND HEALTH_CHECK='2024-08-21 10:41:08.746519' AND EXCLUSIVE_MODE=0 AND NODE_GROUPS='' AND IS_ACTIVE=1
INSERT INTO TASKS_AUX_WORKERS VALUES(0,'0, 1000','2024-08-21 10:41:08.746519',0,'',1)
COMMIT
/*C26*/DELETE FROM TASKS_AUX_WORKERS WHERE ID=0 AND RANGES='0, 1000' AND HEALTH_CHECK='2024-08-21 10:41:08.746519' AND EXCLUSIVE_MODE=0 AND NODE_GROUPS='' AND IS_ACTIVE=1
INSERT INTO TASKS_AUX_WORKERS VALUES(0,'0, 1000','2024-08-21 10:41:18.758069',0,'',1)
COMMIT
DELETE FROM TASKS_AUX_SCHEDULER WHERE ID='scheduler' AND LAST_ACTIVITY_TS='2024-08-21 10:41:08.747' AND VERSION=4
INSERT INTO TASKS_AUX_SCHEDULER VALUES('scheduler','2024-08-21 10:41:18.759',4)
COMMIT
DELETE FROM TASKS_AUX_WORKERS WHERE ID=0 AND RANGES='0, 1000' AND HEALTH_CHECK='2024-08-21 10:41:18.758069' AND EXCLUSIVE_MODE=0 AND NODE_GROUPS='' AND IS_ACTIVE=1
INSERT INTO TASKS_AUX_WORKERS VALUES(0,'0, 1000','2024-08-21 10:41:18.758069',0,'',1)
COMMIT
DELETE FROM TASKS_AUX_WORKERS WHERE ID=0 AND RANGES='0, 1000' AND HEALTH_CHECK='2024-08-21 10:41:18.758069' AND EXCLUSIVE_MODE=0 AND NODE_GROUPS='' AND IS_ACTIVE=1
INSERT INTO TASKS_AUX_WORKERS VALUES(0,'0, 1000','2024-08-21 10:41:28.775573',0,'',1)
COMMIT
DELETE FROM TASKS_AUX_SCHEDULER WHERE ID='scheduler' AND LAST_ACTIVITY_TS='2024-08-21 10:41:18.759' AND VERSION=4
INSERT INTO TASKS_AUX_SCHEDULER VALUES('scheduler','2024-08-21 10:41:28.776',4)
COMMIT
DELETE FROM TASKS_AUX_WORKERS WHERE ID=0 AND RANGES='0, 1000' AND HEALTH_CHECK='2024-08-21 10:41:28.775573' AND EXCLUSIVE_MODE=0 AND NODE_GROUPS='' AND IS_ACTIVE=1
INSERT INTO TASKS_AUX_WORKERS VALUES(0,'0, 1000','2024-08-21 10:41:28.775573',0,'',1)
COMMIT
DELETE FROM TASKS_AUX_WORKERS WHERE ID=0 AND RANGES='0, 1000' AND HEALTH_CHECK='2024-08-21 10:41:28.775573' AND EXCLUSIVE_MODE=0 AND NODE_GROUPS='' AND IS_ACTIVE=1
INSERT INTO TASKS_AUX_WORKERS VALUES(0,'0, 1000','2024-08-21 10:41:38.788783',0,'',1)
COMMIT
DELETE FROM TASKS_AUX_SCHEDULER WHERE ID='scheduler' AND LAST_ACTIVITY_TS='2024-08-21 10:41:28.776' AND VERSION=4
INSERT INTO TASKS_AUX_SCHEDULER VALUES('scheduler','2024-08-21 10:41:38.789',4)
COMMIT
DELETE FROM TASKS_AUX_WORKERS WHERE ID=0 AND RANGES='0, 1000' AND HEALTH_CHECK='2024-08-21 10:41:38.788783' AND EXCLUSIVE_MODE=0 AND NODE_GROUPS='' AND IS_ACTIVE=1
INSERT INTO TASKS_AUX_WORKERS VALUES(0,'0, 1000','2024-08-21 10:41:38.788783',0,'',1)
COMMIT
